<?xml version="1.0" encoding="UTF-8"?>
<testsuite name="edu.addressbook.tests.ContactPhoneTests" tests="3" skipped="0" failures="0" errors="0" timestamp="2022-10-08T13:59:27" hostname="USER-PC" time="0.681">
  <properties/>
  <testcase name="testAllContacts" classname="edu.addressbook.tests.ContactPhoneTests" time="0.27"/>
  <testcase name="testContactPhones" classname="edu.addressbook.tests.ContactPhoneTests" time="0.245"/>
  <testcase name="testContactsFromDetails" classname="edu.addressbook.tests.ContactPhoneTests" time="0.129"/>
  <system-out><![CDATA[]]></system-out>
  <system-err><![CDATA[]]></system-err>
</testsuite>
