<?xml version="1.0" encoding="UTF-8"?>
<testsuite name="edu.addressbook.tests.ContactDeletionTests" tests="1" skipped="0" failures="0" errors="0" timestamp="2022-10-08T13:36:14" hostname="USER-PC" time="3.942">
  <properties/>
  <testcase name="testContactDeletion" classname="edu.addressbook.tests.ContactDeletionTests" time="3.942"/>
  <system-out><![CDATA[]]></system-out>
  <system-err><![CDATA[]]></system-err>
</testsuite>
