<?xml version="1.0" encoding="UTF-8"?>
<testsuite name="edu.addressbook.tests.GroupCreationTests" tests="11" skipped="0" failures="0" errors="0" timestamp="2022-10-08T13:29:55" hostname="USER-PC" time="24.931">
  <properties/>
  <testcase name="testBadGroupCreation" classname="edu.addressbook.tests.GroupCreationTests" time="3.064"/>
  <testcase name="testGroupCreation[0](GroupData{id='2147483647', name='test 0'})" classname="edu.addressbook.tests.GroupCreationTests" time="2.008"/>
  <testcase name="testGroupCreation[1](GroupData{id='2147483647', name='test 1'})" classname="edu.addressbook.tests.GroupCreationTests" time="2.058"/>
  <testcase name="testGroupCreation[2](GroupData{id='2147483647', name='test 2'})" classname="edu.addressbook.tests.GroupCreationTests" time="2.093"/>
  <testcase name="testGroupCreation[3](GroupData{id='2147483647', name='test 3'})" classname="edu.addressbook.tests.GroupCreationTests" time="2.095"/>
  <testcase name="testGroupCreation[4](GroupData{id='2147483647', name='test 4'})" classname="edu.addressbook.tests.GroupCreationTests" time="2.109"/>
  <testcase name="testGroupCreation[5](GroupData{id='2147483647', name='test 5'})" classname="edu.addressbook.tests.GroupCreationTests" time="2.194"/>
  <testcase name="testGroupCreation[6](GroupData{id='2147483647', name='test 6'})" classname="edu.addressbook.tests.GroupCreationTests" time="2.22"/>
  <testcase name="testGroupCreation[7](GroupData{id='2147483647', name='test 7'})" classname="edu.addressbook.tests.GroupCreationTests" time="2.28"/>
  <testcase name="testGroupCreation[8](GroupData{id='2147483647', name='test 8'})" classname="edu.addressbook.tests.GroupCreationTests" time="2.373"/>
  <testcase name="testGroupCreation[9](GroupData{id='2147483647', name='test 9'})" classname="edu.addressbook.tests.GroupCreationTests" time="2.395"/>
  <system-out><![CDATA[]]></system-out>
  <system-err><![CDATA[]]></system-err>
</testsuite>
