<?xml version="1.0" encoding="UTF-8"?>
<testsuite name="edu.addressbook.tests.GroupModificationTests" tests="1" skipped="0" failures="0" errors="0" timestamp="2022-10-08T13:30:22" hostname="USER-PC" time="2.189">
  <properties/>
  <testcase name="testGroupModification" classname="edu.addressbook.tests.GroupModificationTests" time="2.189"/>
  <system-out><![CDATA[]]></system-out>
  <system-err><![CDATA[]]></system-err>
</testsuite>
