<?xml version="1.0" encoding="UTF-8"?>
<testsuite name="edu.addressbook.tests.GroupDeletionTests" tests="1" skipped="0" failures="0" errors="0" timestamp="2022-10-08T13:30:20" hostname="USER-PC" time="1.984">
  <properties/>
  <testcase name="testGroupDeletion" classname="edu.addressbook.tests.GroupDeletionTests" time="1.984"/>
  <system-out><![CDATA[]]></system-out>
  <system-err><![CDATA[]]></system-err>
</testsuite>
